# JRE version: Java(TM) SE Runtime Environment (8.0_25-b17) (build 1.8.0_25-b17)
# Java VM: Java HotSpot(TM) 64-Bit Server VM (25.25-b02 mixed mode bsd-amd64 compressed oops)
Heap:
 PSYoungGen      total 256512K, used 68675K [0x00000007aab00000, 0x00000007c0000000, 0x00000007c0000000)
  eden space 166400K, 31% used [0x00000007aab00000,0x00000007ade37be0,0x00000007b4d80000)
  from space 90112K, 18% used [0x00000007b4d80000,0x00000007b5d59228,0x00000007ba580000)
  to   space 87040K, 0% used [0x00000007bab00000,0x00000007bab00000,0x00000007c0000000)
 ParOldGen       total 699392K, used 197215K [0x0000000780000000, 0x00000007aab00000, 0x00000007aab00000)
  object space 699392K, 28% used [0x0000000780000000,0x000000078c097fe0,0x00000007aab00000)
 Metaspace       used 130150K, capacity 132322K, committed 132480K, reserved 1159168K
  class space    used 21430K, capacity 21808K, committed 21888K, reserved 1048576K
GC Heap History (10 events):
Event: 182.064 GC heap before
{Heap before GC invocations=23 (full 4):
 PSYoungGen      total 259584K, used 172344K [0x00000007aab00000, 0x00000007c0000000, 0x00000007c0000000)
  eden space 171008K, 100% used [0x00000007aab00000,0x00000007b5200000,0x00000007b5200000)
  from space 88576K, 1% used [0x00000007ba980000,0x00000007baace0f8,0x00000007c0000000)
  to   space 89088K, 0% used [0x00000007b5200000,0x00000007b5200000,0x00000007ba900000)
 ParOldGen       total 699392K, used 131743K [0x0000000780000000, 0x00000007aab00000, 0x00000007aab00000)
  object space 699392K, 18% used [0x0000000780000000,0x00000007880a7dc8,0x00000007aab00000)
 Metaspace       used 106169K, capacity 106890K, committed 107264K, reserved 1138688K
  class space    used 18300K, capacity 18555K, committed 18688K, reserved 1048576K
Event: 182.068 GC heap after
Heap after GC invocations=23 (full 4):
 PSYoungGen      total 260096K, used 160K [0x00000007aab00000, 0x00000007c0000000, 0x00000007c0000000)
  eden space 171008K, 0% used [0x00000007aab00000,0x00000007aab00000,0x00000007b5200000)
  from space 89088K, 0% used [0x00000007b5200000,0x00000007b5228000,0x00000007ba900000)
  to   space 89088K, 0% used [0x00000007ba900000,0x00000007ba900000,0x00000007c0000000)
 ParOldGen       total 699392K, used 131775K [0x0000000780000000, 0x00000007aab00000, 0x00000007aab00000)
  object space 699392K, 18% used [0x0000000780000000,0x00000007880afdc8,0x00000007aab00000)
 Metaspace       used 106169K, capacity 106890K, committed 107264K, reserved 1138688K
  class space    used 18300K, capacity 18555K, committed 18688K, reserved 1048576K
}
Event: 189.240 GC heap before
{Heap before GC invocations=24 (full 4):
 PSYoungGen      total 260096K, used 171168K [0x00000007aab00000, 0x00000007c0000000, 0x00000007c0000000)
  eden space 171008K, 100% used [0x00000007aab00000,0x00000007b5200000,0x00000007b5200000)
  from space 89088K, 0% used [0x00000007b5200000,0x00000007b5228000,0x00000007ba900000)
  to   space 89088K, 0% used [0x00000007ba900000,0x00000007ba900000,0x00000007c0000000)
 ParOldGen       total 699392K, used 131775K [0x0000000780000000, 0x00000007aab00000, 0x00000007aab00000)
  object space 699392K, 18% used [0x0000000780000000,0x00000007880afdc8,0x00000007aab00000)
 Metaspace       used 109238K, capacity 110114K, committed 110464K, reserved 1140736K
  class space    used 18889K, capacity 19199K, committed 19328K, reserved 1048576K
Event: 189.264 GC heap after
Heap after GC invocations=24 (full 4):
 PSYoungGen      total 263680K, used 36239K [0x00000007aab00000, 0x00000007c0000000, 0x00000007c0000000)
  eden space 174592K, 0% used [0x00000007aab00000,0x00000007aab00000,0x00000007b5580000)
  from space 89088K, 40% used [0x00000007ba900000,0x00000007bcc63cb8,0x00000007c0000000)
  to   space 85504K, 0% used [0x00000007b5580000,0x00000007b5580000,0x00000007ba900000)
 ParOldGen       total 699392K, used 131791K [0x0000000780000000, 0x00000007aab00000, 0x00000007aab00000)
  object space 699392K, 18% used [0x0000000780000000,0x00000007880b3dc8,0x00000007aab00000)
 Metaspace       used 109238K, capacity 110114K, committed 110464K, reserved 1140736K
  class space    used 18889K, capacity 19199K, committed 19328K, reserved 1048576K
}
Event: 190.866 GC heap before
{Heap before GC invocations=25 (full 4):
 PSYoungGen      total 263680K, used 210827K [0x00000007aab00000, 0x00000007c0000000, 0x00000007c0000000)
  eden space 174592K, 99% used [0x00000007aab00000,0x00000007b557f178,0x00000007b5580000)
  from space 89088K, 40% used [0x00000007ba900000,0x00000007bcc63cb8,0x00000007c0000000)
  to   space 85504K, 0% used [0x00000007b5580000,0x00000007b5580000,0x00000007ba900000)
 ParOldGen       total 699392K, used 131791K [0x0000000780000000, 0x00000007aab00000, 0x00000007aab00000)
  object space 699392K, 18% used [0x0000000780000000,0x00000007880b3dc8,0x00000007aab00000)
 Metaspace       used 115016K, capacity 116086K, committed 116224K, reserved 1146880K
  class space    used 19313K, capacity 19635K, committed 19712K, reserved 1048576K
Event: 190.913 GC heap after
Heap after GC invocations=25 (full 4):
 PSYoungGen      total 238592K, used 63817K [0x00000007aab00000, 0x00000007c0000000, 0x00000007c0000000)
  eden space 174592K, 0% used [0x00000007aab00000,0x00000007aab00000,0x00000007b5580000)
  from space 64000K, 99% used [0x00000007b5580000,0x00000007b93d2418,0x00000007b9400000)
  to   space 92672K, 0% used [0x00000007ba580000,0x00000007ba580000,0x00000007c0000000)
 ParOldGen       total 699392K, used 131818K [0x0000000780000000, 0x00000007aab00000, 0x00000007aab00000)
  object space 699392K, 18% used [0x0000000780000000,0x00000007880baa18,0x00000007aab00000)
 Metaspace       used 115016K, capacity 116086K, committed 116224K, reserved 1146880K
  class space    used 19313K, capacity 19635K, committed 19712K, reserved 1048576K
}
Event: 192.440 GC heap before
{Heap before GC invocations=26 (full 4):
 PSYoungGen      total 238592K, used 238409K [0x00000007aab00000, 0x00000007c0000000, 0x00000007c0000000)
  eden space 174592K, 100% used [0x00000007aab00000,0x00000007b5580000,0x00000007b5580000)
  from space 64000K, 99% used [0x00000007b5580000,0x00000007b93d2418,0x00000007b9400000)
  to   space 92672K, 0% used [0x00000007ba580000,0x00000007ba580000,0x00000007c0000000)
 ParOldGen       total 699392K, used 131818K [0x0000000780000000, 0x00000007aab00000, 0x00000007aab00000)
  object space 699392K, 18% used [0x0000000780000000,0x00000007880baa18,0x00000007aab00000)
 Metaspace       used 117083K, capacity 119014K, committed 119168K, reserved 1148928K
  class space    used 19420K, capacity 19737K, committed 19840K, reserved 1048576K
Event: 192.496 GC heap after
Heap after GC invocations=26 (full 4):
 PSYoungGen      total 259072K, used 12869K [0x00000007aab00000, 0x00000007c0000000, 0x00000007c0000000)
  eden space 166400K, 0% used [0x00000007aab00000,0x00000007aab00000,0x00000007b4d80000)
  from space 92672K, 13% used [0x00000007ba580000,0x00000007bb211778,0x00000007c0000000)
  to   space 90112K, 0% used [0x00000007b4d80000,0x00000007b4d80000,0x00000007ba580000)
 ParOldGen       total 699392K, used 185915K [0x0000000780000000, 0x00000007aab00000, 0x00000007aab00000)
  object space 699392K, 26% used [0x0000000780000000,0x000000078b58ed40,0x00000007aab00000)
 Metaspace       used 117083K, capacity 119014K, committed 119168K, reserved 1148928K
  class space    used 19420K, capacity 19737K, committed 19840K, reserved 1048576K
}
Event: 195.722 GC heap before
{Heap before GC invocations=27 (full 4):
 PSYoungGen      total 259072K, used 179269K [0x00000007aab00000, 0x00000007c0000000, 0x00000007c0000000)
  eden space 166400K, 100% used [0x00000007aab00000,0x00000007b4d80000,0x00000007b4d80000)
  from space 92672K, 13% used [0x00000007ba580000,0x00000007bb211778,0x00000007c0000000)
  to   space 90112K, 0% used [0x00000007b4d80000,0x00000007b4d80000,0x00000007ba580000)
 ParOldGen       total 699392K, used 185915K [0x0000000780000000, 0x00000007aab00000, 0x00000007aab00000)
  object space 699392K, 26% used [0x0000000780000000,0x000000078b58ed40,0x00000007aab00000)
 Metaspace       used 124801K, capacity 127004K, committed 127232K, reserved 1155072K
  class space    used 20602K, capacity 20975K, committed 20992K, reserved 1048576K
Event: 195.763 GC heap after
Heap after GC invocations=27 (full 4):
 PSYoungGen      total 256512K, used 16228K [0x00000007aab00000, 0x00000007c0000000, 0x00000007c0000000)
  eden space 166400K, 0% used [0x00000007aab00000,0x00000007aab00000,0x00000007b4d80000)
  from space 90112K, 18% used [0x00000007b4d80000,0x00000007b5d59228,0x00000007ba580000)
  to   space 87040K, 0% used [0x00000007bab00000,0x00000007bab00000,0x00000007c0000000)
 ParOldGen       total 699392K, used 197215K [0x0000000780000000, 0x00000007aab00000, 0x00000007aab00000)
  object space 699392K, 28% used [0x0000000780000000,0x000000078c097fe0,0x00000007aab00000)
 Metaspace       used 124801K, capacity 127004K, committed 127232K, reserved 1155072K
  class space    used 20602K, capacity 20975K, committed 20992K, reserved 1048576K
}

